{"/Users/ronnyvanelewyck/NodeJSProjects/manibus/backend/index.js": {"path":"/Users/ronnyvanelewyck/NodeJSProjects/manibus/backend/index.js","statementMap":{"0":{"start":{"line":10,"column":16},"end":{"line":10,"column":34}},"1":{"start":{"line":13,"column":16},"end":{"line":13,"column":34}},"2":{"start":{"line":14,"column":12},"end":{"line":14,"column":21}},"3":{"start":{"line":17,"column":0},"end":{"line":17,"column":34}},"4":{"start":{"line":20,"column":0},"end":{"line":20,"column":33}},"5":{"start":{"line":23,"column":0},"end":{"line":23,"column":26}},"6":{"start":{"line":26,"column":0},"end":{"line":26,"column":30}},"7":{"start":{"line":29,"column":0},"end":{"line":29,"column":34}},"8":{"start":{"line":33,"column":17},"end":{"line":33,"column":41}},"9":{"start":{"line":34,"column":19},"end":{"line":34,"column":87}},"10":{"start":{"line":34,"column":42},"end":{"line":34,"column":86}},"11":{"start":{"line":37,"column":0},"end":{"line":37,"column":24}}},"fnMap":{"0":{"name":"(anonymous_0)","decl":{"start":{"line":34,"column":36},"end":{"line":34,"column":37}},"loc":{"start":{"line":34,"column":42},"end":{"line":34,"column":86}},"line":34}},"branchMap":{"0":{"loc":{"start":{"line":33,"column":17},"end":{"line":33,"column":41}},"type":"binary-expr","locations":[{"start":{"line":33,"column":17},"end":{"line":33,"column":33}},{"start":{"line":33,"column":37},"end":{"line":33,"column":41}}],"line":33}},"s":{"0":4,"1":4,"2":4,"3":4,"4":4,"5":4,"6":4,"7":4,"8":4,"9":4,"10":4,"11":4},"f":{"0":4},"b":{"0":[4,4]},"_coverageSchema":"1a1c01bbd47fc00a2c39e90264f33305004495a9","hash":"99cb3b529ff9a5a113845b4f07a005641e8f880f"}
,"/Users/ronnyvanelewyck/NodeJSProjects/manibus/backend/middleware/admin.js": {"path":"/Users/ronnyvanelewyck/NodeJSProjects/manibus/backend/middleware/admin.js","statementMap":{"0":{"start":{"line":13,"column":0},"end":{"line":17,"column":1}},"1":{"start":{"line":14,"column":4},"end":{"line":14,"column":73}},"2":{"start":{"line":14,"column":27},"end":{"line":14,"column":73}},"3":{"start":{"line":16,"column":4},"end":{"line":16,"column":11}}},"fnMap":{"0":{"name":"(anonymous_0)","decl":{"start":{"line":13,"column":17},"end":{"line":13,"column":18}},"loc":{"start":{"line":13,"column":43},"end":{"line":17,"column":1}},"line":13}},"branchMap":{"0":{"loc":{"start":{"line":14,"column":4},"end":{"line":14,"column":73}},"type":"if","locations":[{"start":{"line":14,"column":4},"end":{"line":14,"column":73}},{"start":{},"end":{}}],"line":14}},"s":{"0":4,"1":6,"2":1,"3":5},"f":{"0":6},"b":{"0":[1,5]},"_coverageSchema":"1a1c01bbd47fc00a2c39e90264f33305004495a9","hash":"9519162d80d2b0a7655061f893dbb3c16aa68e7d"}
,"/Users/ronnyvanelewyck/NodeJSProjects/manibus/backend/middleware/auth.js": {"path":"/Users/ronnyvanelewyck/NodeJSProjects/manibus/backend/middleware/auth.js","statementMap":{"0":{"start":{"line":10,"column":12},"end":{"line":10,"column":35}},"1":{"start":{"line":12,"column":15},"end":{"line":12,"column":32}},"2":{"start":{"line":15,"column":18},"end":{"line":15,"column":44}},"3":{"start":{"line":16,"column":4},"end":{"line":16,"column":81}},"4":{"start":{"line":16,"column":16},"end":{"line":16,"column":81}},"5":{"start":{"line":18,"column":3},"end":{"line":25,"column":4}},"6":{"start":{"line":19,"column":21},"end":{"line":19,"column":67}},"7":{"start":{"line":20,"column":4},"end":{"line":20,"column":23}},"8":{"start":{"line":21,"column":4},"end":{"line":21,"column":11}},"9":{"start":{"line":24,"column":4},"end":{"line":24,"column":43}},"10":{"start":{"line":30,"column":0},"end":{"line":30,"column":22}}},"fnMap":{"0":{"name":"auth","decl":{"start":{"line":14,"column":9},"end":{"line":14,"column":13}},"loc":{"start":{"line":14,"column":30},"end":{"line":28,"column":1}},"line":14}},"branchMap":{"0":{"loc":{"start":{"line":16,"column":4},"end":{"line":16,"column":81}},"type":"if","locations":[{"start":{"line":16,"column":4},"end":{"line":16,"column":81}},{"start":{},"end":{}}],"line":16}},"s":{"0":5,"1":5,"2":62,"3":62,"4":41,"5":21,"6":21,"7":20,"8":20,"9":1,"10":5},"f":{"0":62},"b":{"0":[41,21]},"_coverageSchema":"1a1c01bbd47fc00a2c39e90264f33305004495a9","hash":"cec41f00b6b84ea2f8616afac56fd26d8bb06363"}
,"/Users/ronnyvanelewyck/NodeJSProjects/manibus/backend/middleware/error.js": {"path":"/Users/ronnyvanelewyck/NodeJSProjects/manibus/backend/middleware/error.js","statementMap":{"0":{"start":{"line":9,"column":16},"end":{"line":9,"column":34}},"1":{"start":{"line":12,"column":0},"end":{"line":23,"column":3}},"2":{"start":{"line":13,"column":4},"end":{"line":13,"column":36}},"3":{"start":{"line":22,"column":4},"end":{"line":22,"column":54}}},"fnMap":{"0":{"name":"(anonymous_0)","decl":{"start":{"line":12,"column":17},"end":{"line":12,"column":18}},"loc":{"start":{"line":12,"column":46},"end":{"line":23,"column":3}},"line":12}},"branchMap":{},"s":{"0":4,"1":4,"2":0,"3":0},"f":{"0":0},"b":{},"_coverageSchema":"1a1c01bbd47fc00a2c39e90264f33305004495a9","hash":"619b2f1dee488b6516f360f271d5d0ae7314fbad"}
,"/Users/ronnyvanelewyck/NodeJSProjects/manibus/backend/middleware/validateObjectId.js": {"path":"/Users/ronnyvanelewyck/NodeJSProjects/manibus/backend/middleware/validateObjectId.js","statementMap":{"0":{"start":{"line":9,"column":17},"end":{"line":9,"column":36}},"1":{"start":{"line":12,"column":0},"end":{"line":22,"column":3}},"2":{"start":{"line":15,"column":2},"end":{"line":18,"column":72}},"3":{"start":{"line":16,"column":2},"end":{"line":18,"column":72}},"4":{"start":{"line":20,"column":4},"end":{"line":20,"column":11}}},"fnMap":{"0":{"name":"(anonymous_0)","decl":{"start":{"line":12,"column":17},"end":{"line":12,"column":18}},"loc":{"start":{"line":12,"column":41},"end":{"line":22,"column":3}},"line":12}},"branchMap":{"0":{"loc":{"start":{"line":15,"column":2},"end":{"line":18,"column":72}},"type":"if","locations":[{"start":{"line":15,"column":2},"end":{"line":18,"column":72}},{"start":{},"end":{}}],"line":15}},"s":{"0":4,"1":4,"2":7,"3":3,"4":4},"f":{"0":7},"b":{"0":[3,4]},"_coverageSchema":"1a1c01bbd47fc00a2c39e90264f33305004495a9","hash":"b7b04ccc7abf9c149113b9a2cd5496103d803d21"}
,"/Users/ronnyvanelewyck/NodeJSProjects/manibus/backend/models/company.js": {"path":"/Users/ronnyvanelewyck/NodeJSProjects/manibus/backend/models/company.js","statementMap":{"0":{"start":{"line":9,"column":17},"end":{"line":9,"column":36}},"1":{"start":{"line":10,"column":12},"end":{"line":10,"column":26}},"2":{"start":{"line":13,"column":0},"end":{"line":13,"column":25}},"3":{"start":{"line":16,"column":22},"end":{"line":31,"column":2}},"4":{"start":{"line":34,"column":16},"end":{"line":34,"column":56}},"5":{"start":{"line":38,"column":17},"end":{"line":41,"column":4}},"6":{"start":{"line":42,"column":2},"end":{"line":42,"column":34}},"7":{"start":{"line":45,"column":0},"end":{"line":48,"column":2}}},"fnMap":{"0":{"name":"validateCompany","decl":{"start":{"line":37,"column":9},"end":{"line":37,"column":24}},"loc":{"start":{"line":37,"column":34},"end":{"line":43,"column":1}},"line":37}},"branchMap":{},"s":{"0":4,"1":4,"2":4,"3":4,"4":4,"5":15,"6":15,"7":4},"f":{"0":15},"b":{},"_coverageSchema":"1a1c01bbd47fc00a2c39e90264f33305004495a9","hash":"85901866cc5189245378317f7e6d8af81cbef6b0"}
,"/Users/ronnyvanelewyck/NodeJSProjects/manibus/backend/models/task.js": {"path":"/Users/ronnyvanelewyck/NodeJSProjects/manibus/backend/models/task.js","statementMap":{"0":{"start":{"line":9,"column":17},"end":{"line":9,"column":36}},"1":{"start":{"line":10,"column":12},"end":{"line":10,"column":26}},"2":{"start":{"line":14,"column":0},"end":{"line":14,"column":25}},"3":{"start":{"line":17,"column":19},"end":{"line":55,"column":2}},"4":{"start":{"line":59,"column":13},"end":{"line":59,"column":47}},"5":{"start":{"line":64,"column":17},"end":{"line":74,"column":4}},"6":{"start":{"line":75,"column":2},"end":{"line":75,"column":31}},"7":{"start":{"line":78,"column":0},"end":{"line":82,"column":1}}},"fnMap":{"0":{"name":"validateTask","decl":{"start":{"line":62,"column":9},"end":{"line":62,"column":21}},"loc":{"start":{"line":62,"column":28},"end":{"line":76,"column":1}},"line":62}},"branchMap":{},"s":{"0":4,"1":4,"2":4,"3":4,"4":4,"5":0,"6":0,"7":4},"f":{"0":0},"b":{},"_coverageSchema":"1a1c01bbd47fc00a2c39e90264f33305004495a9","hash":"4817289086196bbd27695424a400f492c5f78a0e"}
,"/Users/ronnyvanelewyck/NodeJSProjects/manibus/backend/models/user.js": {"path":"/Users/ronnyvanelewyck/NodeJSProjects/manibus/backend/models/user.js","statementMap":{"0":{"start":{"line":9,"column":15},"end":{"line":9,"column":32}},"1":{"start":{"line":10,"column":12},"end":{"line":10,"column":35}},"2":{"start":{"line":11,"column":17},"end":{"line":11,"column":36}},"3":{"start":{"line":12,"column":12},"end":{"line":12,"column":26}},"4":{"start":{"line":13,"column":27},"end":{"line":13,"column":61}},"5":{"start":{"line":16,"column":0},"end":{"line":16,"column":25}},"6":{"start":{"line":19,"column":19},"end":{"line":58,"column":2}},"7":{"start":{"line":61,"column":0},"end":{"line":64,"column":1}},"8":{"start":{"line":62,"column":18},"end":{"line":62,"column":97}},"9":{"start":{"line":63,"column":4},"end":{"line":63,"column":17}},"10":{"start":{"line":67,"column":13},"end":{"line":67,"column":47}},"11":{"start":{"line":72,"column":19},"end":{"line":88,"column":6}},"12":{"start":{"line":89,"column":4},"end":{"line":89,"column":33}},"13":{"start":{"line":93,"column":0},"end":{"line":97,"column":1}}},"fnMap":{"0":{"name":"(anonymous_0)","decl":{"start":{"line":61,"column":39},"end":{"line":61,"column":40}},"loc":{"start":{"line":61,"column":50},"end":{"line":64,"column":1}},"line":61},"1":{"name":"validateUser","decl":{"start":{"line":70,"column":9},"end":{"line":70,"column":21}},"loc":{"start":{"line":70,"column":28},"end":{"line":90,"column":3}},"line":70}},"branchMap":{},"s":{"0":6,"1":6,"2":6,"3":6,"4":6,"5":6,"6":6,"7":6,"8":23,"9":23,"10":6,"11":0,"12":0,"13":6},"f":{"0":23,"1":0},"b":{},"_coverageSchema":"1a1c01bbd47fc00a2c39e90264f33305004495a9","hash":"3603165c108d984cd7c9b6bb68f5b3771d4a1635"}
,"/Users/ronnyvanelewyck/NodeJSProjects/manibus/backend/models/workflow.js": {"path":"/Users/ronnyvanelewyck/NodeJSProjects/manibus/backend/models/workflow.js","statementMap":{"0":{"start":{"line":9,"column":17},"end":{"line":9,"column":36}},"1":{"start":{"line":10,"column":12},"end":{"line":10,"column":26}},"2":{"start":{"line":13,"column":0},"end":{"line":13,"column":25}},"3":{"start":{"line":16,"column":23},"end":{"line":136,"column":2}},"4":{"start":{"line":140,"column":17},"end":{"line":140,"column":59}},"5":{"start":{"line":149,"column":0},"end":{"line":154,"column":1}}},"fnMap":{"0":{"name":"validateWorkflow","decl":{"start":{"line":144,"column":9},"end":{"line":144,"column":25}},"loc":{"start":{"line":144,"column":36},"end":{"line":147,"column":3}},"line":144}},"branchMap":{},"s":{"0":4,"1":4,"2":4,"3":4,"4":4,"5":4},"f":{"0":0},"b":{},"_coverageSchema":"1a1c01bbd47fc00a2c39e90264f33305004495a9","hash":"8dbf28ac562924266e88d16f03bfb63aa515493a"}
,"/Users/ronnyvanelewyck/NodeJSProjects/manibus/backend/routes/auth.js": {"path":"/Users/ronnyvanelewyck/NodeJSProjects/manibus/backend/routes/auth.js","statementMap":{"0":{"start":{"line":10,"column":12},"end":{"line":10,"column":26}},"1":{"start":{"line":11,"column":15},"end":{"line":11,"column":32}},"2":{"start":{"line":12,"column":16},"end":{"line":12,"column":34}},"3":{"start":{"line":13,"column":15},"end":{"line":13,"column":31}},"4":{"start":{"line":14,"column":17},"end":{"line":14,"column":42}},"5":{"start":{"line":19,"column":0},"end":{"line":35,"column":3}},"6":{"start":{"line":21,"column":20},"end":{"line":21,"column":42}},"7":{"start":{"line":22,"column":2},"end":{"line":22,"column":93}},"8":{"start":{"line":22,"column":13},"end":{"line":22,"column":93}},"9":{"start":{"line":24,"column":13},"end":{"line":24,"column":58}},"10":{"start":{"line":25,"column":2},"end":{"line":25,"column":93}},"11":{"start":{"line":25,"column":13},"end":{"line":25,"column":93}},"12":{"start":{"line":27,"column":24},"end":{"line":27,"column":78}},"13":{"start":{"line":28,"column":2},"end":{"line":28,"column":102}},"14":{"start":{"line":28,"column":22},"end":{"line":28,"column":102}},"15":{"start":{"line":31,"column":16},"end":{"line":31,"column":40}},"16":{"start":{"line":34,"column":2},"end":{"line":34,"column":40}},"17":{"start":{"line":39,"column":19},"end":{"line":42,"column":6}},"18":{"start":{"line":43,"column":4},"end":{"line":43,"column":32}},"19":{"start":{"line":46,"column":0},"end":{"line":46,"column":24}}},"fnMap":{"0":{"name":"(anonymous_0)","decl":{"start":{"line":19,"column":17},"end":{"line":19,"column":18}},"loc":{"start":{"line":19,"column":37},"end":{"line":35,"column":1}},"line":19},"1":{"name":"validateUser","decl":{"start":{"line":37,"column":9},"end":{"line":37,"column":21}},"loc":{"start":{"line":37,"column":27},"end":{"line":44,"column":3}},"line":37}},"branchMap":{"0":{"loc":{"start":{"line":22,"column":2},"end":{"line":22,"column":93}},"type":"if","locations":[{"start":{"line":22,"column":2},"end":{"line":22,"column":93}},{"start":{},"end":{}}],"line":22},"1":{"loc":{"start":{"line":25,"column":2},"end":{"line":25,"column":93}},"type":"if","locations":[{"start":{"line":25,"column":2},"end":{"line":25,"column":93}},{"start":{},"end":{}}],"line":25},"2":{"loc":{"start":{"line":28,"column":2},"end":{"line":28,"column":102}},"type":"if","locations":[{"start":{"line":28,"column":2},"end":{"line":28,"column":102}},{"start":{},"end":{}}],"line":28}},"s":{"0":4,"1":4,"2":4,"3":4,"4":4,"5":4,"6":14,"7":14,"8":1,"9":13,"10":13,"11":13,"12":0,"13":0,"14":0,"15":0,"16":0,"17":14,"18":14,"19":4},"f":{"0":14,"1":14},"b":{"0":[1,13],"1":[13,0],"2":[0,0]},"_coverageSchema":"1a1c01bbd47fc00a2c39e90264f33305004495a9","hash":"9189411e74b3469b18e4a620271a71c5f6740cc2"}
,"/Users/ronnyvanelewyck/NodeJSProjects/manibus/backend/routes/companies.js": {"path":"/Users/ronnyvanelewyck/NodeJSProjects/manibus/backend/routes/companies.js","statementMap":{"0":{"start":{"line":9,"column":25},"end":{"line":9,"column":66}},"1":{"start":{"line":10,"column":14},"end":{"line":10,"column":44}},"2":{"start":{"line":11,"column":13},"end":{"line":11,"column":42}},"3":{"start":{"line":12,"column":16},"end":{"line":12,"column":34}},"4":{"start":{"line":14,"column":15},"end":{"line":14,"column":31}},"5":{"start":{"line":15,"column":37},"end":{"line":15,"column":65}},"6":{"start":{"line":19,"column":0},"end":{"line":36,"column":3}},"7":{"start":{"line":21,"column":20},"end":{"line":21,"column":45}},"8":{"start":{"line":22,"column":2},"end":{"line":22,"column":89}},"9":{"start":{"line":22,"column":13},"end":{"line":22,"column":89}},"10":{"start":{"line":24,"column":16},"end":{"line":24,"column":37}},"11":{"start":{"line":26,"column":2},"end":{"line":32,"column":7}},"12":{"start":{"line":28,"column":6},"end":{"line":28,"column":24}},"13":{"start":{"line":31,"column":6},"end":{"line":31,"column":31}},"14":{"start":{"line":41,"column":0},"end":{"line":45,"column":3}},"15":{"start":{"line":42,"column":18},"end":{"line":42,"column":53}},"16":{"start":{"line":44,"column":2},"end":{"line":44,"column":20}},"17":{"start":{"line":48,"column":0},"end":{"line":52,"column":3}},"18":{"start":{"line":49,"column":18},"end":{"line":49,"column":69}},"19":{"start":{"line":51,"column":2},"end":{"line":51,"column":20}},"20":{"start":{"line":55,"column":0},"end":{"line":71,"column":3}},"21":{"start":{"line":56,"column":18},"end":{"line":68,"column":13}},"22":{"start":{"line":70,"column":4},"end":{"line":70,"column":22}},"23":{"start":{"line":75,"column":0},"end":{"line":92,"column":3}},"24":{"start":{"line":77,"column":20},"end":{"line":77,"column":45}},"25":{"start":{"line":78,"column":2},"end":{"line":78,"column":91}},"26":{"start":{"line":78,"column":13},"end":{"line":78,"column":91}},"27":{"start":{"line":80,"column":17},"end":{"line":87,"column":3}},"28":{"start":{"line":90,"column":4},"end":{"line":90,"column":21}},"29":{"start":{"line":96,"column":0},"end":{"line":100,"column":3}},"30":{"start":{"line":97,"column":19},"end":{"line":97,"column":65}},"31":{"start":{"line":99,"column":4},"end":{"line":99,"column":21}},"32":{"start":{"line":103,"column":0},"end":{"line":103,"column":24}}},"fnMap":{"0":{"name":"(anonymous_0)","decl":{"start":{"line":19,"column":23},"end":{"line":19,"column":24}},"loc":{"start":{"line":19,"column":43},"end":{"line":36,"column":1}},"line":19},"1":{"name":"(anonymous_1)","decl":{"start":{"line":27,"column":10},"end":{"line":27,"column":11}},"loc":{"start":{"line":27,"column":16},"end":{"line":29,"column":5}},"line":27},"2":{"name":"(anonymous_2)","decl":{"start":{"line":30,"column":11},"end":{"line":30,"column":12}},"loc":{"start":{"line":30,"column":19},"end":{"line":32,"column":5}},"line":30},"3":{"name":"(anonymous_3)","decl":{"start":{"line":41,"column":16},"end":{"line":41,"column":17}},"loc":{"start":{"line":41,"column":36},"end":{"line":45,"column":1}},"line":41},"4":{"name":"(anonymous_4)","decl":{"start":{"line":48,"column":37},"end":{"line":48,"column":38}},"loc":{"start":{"line":48,"column":57},"end":{"line":52,"column":1}},"line":48},"5":{"name":"(anonymous_5)","decl":{"start":{"line":55,"column":28},"end":{"line":55,"column":29}},"loc":{"start":{"line":55,"column":48},"end":{"line":71,"column":1}},"line":55},"6":{"name":"(anonymous_6)","decl":{"start":{"line":75,"column":53},"end":{"line":75,"column":54}},"loc":{"start":{"line":75,"column":73},"end":{"line":92,"column":1}},"line":75},"7":{"name":"(anonymous_7)","decl":{"start":{"line":96,"column":56},"end":{"line":96,"column":57}},"loc":{"start":{"line":96,"column":76},"end":{"line":100,"column":1}},"line":96}},"branchMap":{"0":{"loc":{"start":{"line":22,"column":2},"end":{"line":22,"column":89}},"type":"if","locations":[{"start":{"line":22,"column":2},"end":{"line":22,"column":89}},{"start":{},"end":{}}],"line":22},"1":{"loc":{"start":{"line":78,"column":2},"end":{"line":78,"column":91}},"type":"if","locations":[{"start":{"line":78,"column":2},"end":{"line":78,"column":91}},{"start":{},"end":{}}],"line":78}},"s":{"0":4,"1":4,"2":4,"3":4,"4":4,"5":4,"6":4,"7":13,"8":13,"9":4,"10":9,"11":9,"12":7,"13":2,"14":4,"15":1,"16":1,"17":4,"18":1,"19":1,"20":4,"21":1,"22":1,"23":4,"24":2,"25":2,"26":1,"27":1,"28":1,"29":4,"30":1,"31":1,"32":4},"f":{"0":13,"1":7,"2":2,"3":1,"4":1,"5":1,"6":2,"7":1},"b":{"0":[4,9],"1":[1,1]},"_coverageSchema":"1a1c01bbd47fc00a2c39e90264f33305004495a9","hash":"460e44d513cec1cd440bef1965d8322feec4b742"}
,"/Users/ronnyvanelewyck/NodeJSProjects/manibus/backend/routes/homepage.js": {"path":"/Users/ronnyvanelewyck/NodeJSProjects/manibus/backend/routes/homepage.js","statementMap":{"0":{"start":{"line":9,"column":16},"end":{"line":9,"column":34}},"1":{"start":{"line":10,"column":15},"end":{"line":10,"column":31}},"2":{"start":{"line":12,"column":0},"end":{"line":14,"column":3}},"3":{"start":{"line":13,"column":2},"end":{"line":13,"column":196}},"4":{"start":{"line":16,"column":0},"end":{"line":16,"column":24}}},"fnMap":{"0":{"name":"(anonymous_0)","decl":{"start":{"line":12,"column":16},"end":{"line":12,"column":17}},"loc":{"start":{"line":12,"column":30},"end":{"line":14,"column":1}},"line":12}},"branchMap":{},"s":{"0":4,"1":4,"2":4,"3":0,"4":4},"f":{"0":0},"b":{},"_coverageSchema":"1a1c01bbd47fc00a2c39e90264f33305004495a9","hash":"e45b061e81b4fe5bee71815542e4d61d92195a49"}
,"/Users/ronnyvanelewyck/NodeJSProjects/manibus/backend/routes/tasks.js": {"path":"/Users/ronnyvanelewyck/NodeJSProjects/manibus/backend/routes/tasks.js","statementMap":{"0":{"start":{"line":9,"column":25},"end":{"line":9,"column":66}},"1":{"start":{"line":10,"column":13},"end":{"line":10,"column":42}},"2":{"start":{"line":11,"column":16},"end":{"line":11,"column":34}},"3":{"start":{"line":13,"column":15},"end":{"line":13,"column":31}},"4":{"start":{"line":14,"column":17},"end":{"line":14,"column":43}},"5":{"start":{"line":15,"column":31},"end":{"line":15,"column":56}},"6":{"start":{"line":16,"column":17},"end":{"line":16,"column":42}},"7":{"start":{"line":17,"column":21},"end":{"line":17,"column":50}},"8":{"start":{"line":21,"column":0},"end":{"line":54,"column":3}},"9":{"start":{"line":23,"column":20},"end":{"line":23,"column":42}},"10":{"start":{"line":24,"column":2},"end":{"line":24,"column":91}},"11":{"start":{"line":24,"column":13},"end":{"line":24,"column":91}},"12":{"start":{"line":26,"column":15},"end":{"line":26,"column":51}},"13":{"start":{"line":27,"column":2},"end":{"line":27,"column":103}},"14":{"start":{"line":27,"column":13},"end":{"line":27,"column":103}},"15":{"start":{"line":29,"column":18},"end":{"line":29,"column":57}},"16":{"start":{"line":30,"column":2},"end":{"line":30,"column":112}},"17":{"start":{"line":30,"column":16},"end":{"line":30,"column":112}},"18":{"start":{"line":32,"column":19},"end":{"line":32,"column":63}},"19":{"start":{"line":33,"column":2},"end":{"line":33,"column":115}},"20":{"start":{"line":33,"column":17},"end":{"line":33,"column":115}},"21":{"start":{"line":35,"column":13},"end":{"line":45,"column":4}},"22":{"start":{"line":47,"column":2},"end":{"line":53,"column":7}},"23":{"start":{"line":49,"column":6},"end":{"line":49,"column":21}},"24":{"start":{"line":52,"column":6},"end":{"line":52,"column":31}},"25":{"start":{"line":58,"column":0},"end":{"line":71,"column":3}},"26":{"start":{"line":60,"column":2},"end":{"line":70,"column":7}},"27":{"start":{"line":66,"column":6},"end":{"line":66,"column":21}},"28":{"start":{"line":69,"column":6},"end":{"line":69,"column":31}},"29":{"start":{"line":73,"column":0},"end":{"line":92,"column":3}},"30":{"start":{"line":77,"column":2},"end":{"line":91,"column":7}},"31":{"start":{"line":83,"column":6},"end":{"line":86,"column":78}},"32":{"start":{"line":84,"column":8},"end":{"line":86,"column":78}},"33":{"start":{"line":87,"column":6},"end":{"line":87,"column":21}},"34":{"start":{"line":90,"column":6},"end":{"line":90,"column":31}},"35":{"start":{"line":94,"column":0},"end":{"line":125,"column":3}},"36":{"start":{"line":95,"column":2},"end":{"line":96,"column":79}},"37":{"start":{"line":96,"column":4},"end":{"line":96,"column":79}},"38":{"start":{"line":97,"column":2},"end":{"line":98,"column":75}},"39":{"start":{"line":98,"column":4},"end":{"line":98,"column":75}},"40":{"start":{"line":100,"column":2},"end":{"line":124,"column":7}},"41":{"start":{"line":116,"column":6},"end":{"line":119,"column":96}},"42":{"start":{"line":117,"column":8},"end":{"line":119,"column":96}},"43":{"start":{"line":120,"column":6},"end":{"line":120,"column":21}},"44":{"start":{"line":123,"column":6},"end":{"line":123,"column":31}},"45":{"start":{"line":128,"column":0},"end":{"line":164,"column":3}},"46":{"start":{"line":130,"column":20},"end":{"line":130,"column":42}},"47":{"start":{"line":131,"column":2},"end":{"line":131,"column":91}},"48":{"start":{"line":131,"column":13},"end":{"line":131,"column":91}},"49":{"start":{"line":133,"column":15},"end":{"line":133,"column":51}},"50":{"start":{"line":134,"column":2},"end":{"line":134,"column":103}},"51":{"start":{"line":134,"column":13},"end":{"line":134,"column":103}},"52":{"start":{"line":136,"column":18},"end":{"line":136,"column":57}},"53":{"start":{"line":137,"column":2},"end":{"line":137,"column":112}},"54":{"start":{"line":137,"column":16},"end":{"line":137,"column":112}},"55":{"start":{"line":139,"column":19},"end":{"line":139,"column":63}},"56":{"start":{"line":140,"column":2},"end":{"line":140,"column":115}},"57":{"start":{"line":140,"column":17},"end":{"line":140,"column":115}},"58":{"start":{"line":142,"column":2},"end":{"line":163,"column":7}},"59":{"start":{"line":159,"column":4},"end":{"line":159,"column":23}},"60":{"start":{"line":162,"column":6},"end":{"line":162,"column":31}},"61":{"start":{"line":167,"column":0},"end":{"line":177,"column":3}},"62":{"start":{"line":169,"column":2},"end":{"line":176,"column":7}},"63":{"start":{"line":172,"column":4},"end":{"line":172,"column":21}},"64":{"start":{"line":175,"column":6},"end":{"line":175,"column":31}},"65":{"start":{"line":180,"column":0},"end":{"line":180,"column":24}}},"fnMap":{"0":{"name":"(anonymous_0)","decl":{"start":{"line":21,"column":23},"end":{"line":21,"column":24}},"loc":{"start":{"line":21,"column":43},"end":{"line":54,"column":1}},"line":21},"1":{"name":"(anonymous_1)","decl":{"start":{"line":48,"column":10},"end":{"line":48,"column":11}},"loc":{"start":{"line":48,"column":16},"end":{"line":50,"column":5}},"line":48},"2":{"name":"(anonymous_2)","decl":{"start":{"line":51,"column":11},"end":{"line":51,"column":12}},"loc":{"start":{"line":51,"column":19},"end":{"line":53,"column":5}},"line":51},"3":{"name":"(anonymous_3)","decl":{"start":{"line":58,"column":16},"end":{"line":58,"column":17}},"loc":{"start":{"line":58,"column":36},"end":{"line":71,"column":1}},"line":58},"4":{"name":"(anonymous_4)","decl":{"start":{"line":65,"column":10},"end":{"line":65,"column":11}},"loc":{"start":{"line":65,"column":20},"end":{"line":67,"column":5}},"line":65},"5":{"name":"(anonymous_5)","decl":{"start":{"line":68,"column":11},"end":{"line":68,"column":12}},"loc":{"start":{"line":68,"column":19},"end":{"line":70,"column":5}},"line":68},"6":{"name":"(anonymous_6)","decl":{"start":{"line":73,"column":37},"end":{"line":73,"column":38}},"loc":{"start":{"line":73,"column":57},"end":{"line":92,"column":1}},"line":73},"7":{"name":"(anonymous_7)","decl":{"start":{"line":82,"column":10},"end":{"line":82,"column":11}},"loc":{"start":{"line":82,"column":20},"end":{"line":88,"column":5}},"line":82},"8":{"name":"(anonymous_8)","decl":{"start":{"line":89,"column":11},"end":{"line":89,"column":12}},"loc":{"start":{"line":89,"column":19},"end":{"line":91,"column":5}},"line":89},"9":{"name":"(anonymous_9)","decl":{"start":{"line":94,"column":28},"end":{"line":94,"column":29}},"loc":{"start":{"line":94,"column":48},"end":{"line":125,"column":1}},"line":94},"10":{"name":"(anonymous_10)","decl":{"start":{"line":115,"column":10},"end":{"line":115,"column":11}},"loc":{"start":{"line":115,"column":20},"end":{"line":121,"column":5}},"line":115},"11":{"name":"(anonymous_11)","decl":{"start":{"line":122,"column":11},"end":{"line":122,"column":12}},"loc":{"start":{"line":122,"column":19},"end":{"line":124,"column":5}},"line":122},"12":{"name":"(anonymous_12)","decl":{"start":{"line":128,"column":43},"end":{"line":128,"column":44}},"loc":{"start":{"line":128,"column":63},"end":{"line":164,"column":1}},"line":128},"13":{"name":"(anonymous_13)","decl":{"start":{"line":158,"column":9},"end":{"line":158,"column":10}},"loc":{"start":{"line":158,"column":15},"end":{"line":160,"column":3}},"line":158},"14":{"name":"(anonymous_14)","decl":{"start":{"line":161,"column":11},"end":{"line":161,"column":12}},"loc":{"start":{"line":161,"column":19},"end":{"line":163,"column":5}},"line":161},"15":{"name":"(anonymous_15)","decl":{"start":{"line":167,"column":40},"end":{"line":167,"column":41}},"loc":{"start":{"line":167,"column":60},"end":{"line":177,"column":1}},"line":167},"16":{"name":"(anonymous_16)","decl":{"start":{"line":171,"column":10},"end":{"line":171,"column":11}},"loc":{"start":{"line":171,"column":22},"end":{"line":173,"column":3}},"line":171},"17":{"name":"(anonymous_17)","decl":{"start":{"line":174,"column":11},"end":{"line":174,"column":12}},"loc":{"start":{"line":174,"column":19},"end":{"line":176,"column":5}},"line":174}},"branchMap":{"0":{"loc":{"start":{"line":24,"column":2},"end":{"line":24,"column":91}},"type":"if","locations":[{"start":{"line":24,"column":2},"end":{"line":24,"column":91}},{"start":{},"end":{}}],"line":24},"1":{"loc":{"start":{"line":27,"column":2},"end":{"line":27,"column":103}},"type":"if","locations":[{"start":{"line":27,"column":2},"end":{"line":27,"column":103}},{"start":{},"end":{}}],"line":27},"2":{"loc":{"start":{"line":30,"column":2},"end":{"line":30,"column":112}},"type":"if","locations":[{"start":{"line":30,"column":2},"end":{"line":30,"column":112}},{"start":{},"end":{}}],"line":30},"3":{"loc":{"start":{"line":33,"column":2},"end":{"line":33,"column":115}},"type":"if","locations":[{"start":{"line":33,"column":2},"end":{"line":33,"column":115}},{"start":{},"end":{}}],"line":33},"4":{"loc":{"start":{"line":83,"column":6},"end":{"line":86,"column":78}},"type":"if","locations":[{"start":{"line":83,"column":6},"end":{"line":86,"column":78}},{"start":{},"end":{}}],"line":83},"5":{"loc":{"start":{"line":95,"column":2},"end":{"line":96,"column":79}},"type":"if","locations":[{"start":{"line":95,"column":2},"end":{"line":96,"column":79}},{"start":{},"end":{}}],"line":95},"6":{"loc":{"start":{"line":97,"column":2},"end":{"line":98,"column":75}},"type":"if","locations":[{"start":{"line":97,"column":2},"end":{"line":98,"column":75}},{"start":{},"end":{}}],"line":97},"7":{"loc":{"start":{"line":116,"column":6},"end":{"line":119,"column":96}},"type":"if","locations":[{"start":{"line":116,"column":6},"end":{"line":119,"column":96}},{"start":{},"end":{}}],"line":116},"8":{"loc":{"start":{"line":131,"column":2},"end":{"line":131,"column":91}},"type":"if","locations":[{"start":{"line":131,"column":2},"end":{"line":131,"column":91}},{"start":{},"end":{}}],"line":131},"9":{"loc":{"start":{"line":134,"column":2},"end":{"line":134,"column":103}},"type":"if","locations":[{"start":{"line":134,"column":2},"end":{"line":134,"column":103}},{"start":{},"end":{}}],"line":134},"10":{"loc":{"start":{"line":137,"column":2},"end":{"line":137,"column":112}},"type":"if","locations":[{"start":{"line":137,"column":2},"end":{"line":137,"column":112}},{"start":{},"end":{}}],"line":137},"11":{"loc":{"start":{"line":140,"column":2},"end":{"line":140,"column":115}},"type":"if","locations":[{"start":{"line":140,"column":2},"end":{"line":140,"column":115}},{"start":{},"end":{}}],"line":140}},"s":{"0":4,"1":4,"2":4,"3":4,"4":4,"5":4,"6":4,"7":4,"8":4,"9":0,"10":0,"11":0,"12":0,"13":0,"14":0,"15":0,"16":0,"17":0,"18":0,"19":0,"20":0,"21":0,"22":0,"23":0,"24":0,"25":4,"26":0,"27":0,"28":0,"29":4,"30":0,"31":0,"32":0,"33":0,"34":0,"35":4,"36":0,"37":0,"38":0,"39":0,"40":0,"41":0,"42":0,"43":0,"44":0,"45":4,"46":0,"47":0,"48":0,"49":0,"50":0,"51":0,"52":0,"53":0,"54":0,"55":0,"56":0,"57":0,"58":0,"59":0,"60":0,"61":4,"62":0,"63":0,"64":0,"65":4},"f":{"0":0,"1":0,"2":0,"3":0,"4":0,"5":0,"6":0,"7":0,"8":0,"9":0,"10":0,"11":0,"12":0,"13":0,"14":0,"15":0,"16":0,"17":0},"b":{"0":[0,0],"1":[0,0],"2":[0,0],"3":[0,0],"4":[0,0],"5":[0,0],"6":[0,0],"7":[0,0],"8":[0,0],"9":[0,0],"10":[0,0],"11":[0,0]},"_coverageSchema":"1a1c01bbd47fc00a2c39e90264f33305004495a9","hash":"450beef7b485b344053e0c6e2b0b14d0e13fb2eb"}
,"/Users/ronnyvanelewyck/NodeJSProjects/manibus/backend/routes/users.js": {"path":"/Users/ronnyvanelewyck/NodeJSProjects/manibus/backend/routes/users.js","statementMap":{"0":{"start":{"line":9,"column":25},"end":{"line":9,"column":66}},"1":{"start":{"line":10,"column":13},"end":{"line":10,"column":42}},"2":{"start":{"line":11,"column":14},"end":{"line":11,"column":44}},"3":{"start":{"line":12,"column":15},"end":{"line":12,"column":32}},"4":{"start":{"line":13,"column":10},"end":{"line":13,"column":27}},"5":{"start":{"line":14,"column":16},"end":{"line":14,"column":34}},"6":{"start":{"line":16,"column":15},"end":{"line":16,"column":31}},"7":{"start":{"line":17,"column":31},"end":{"line":17,"column":56}},"8":{"start":{"line":22,"column":0},"end":{"line":47,"column":3}},"9":{"start":{"line":24,"column":20},"end":{"line":24,"column":42}},"10":{"start":{"line":25,"column":2},"end":{"line":25,"column":91}},"11":{"start":{"line":25,"column":13},"end":{"line":25,"column":91}},"12":{"start":{"line":27,"column":13},"end":{"line":27,"column":58}},"13":{"start":{"line":28,"column":2},"end":{"line":28,"column":110}},"14":{"start":{"line":28,"column":12},"end":{"line":28,"column":110}},"15":{"start":{"line":31,"column":2},"end":{"line":37,"column":5}},"16":{"start":{"line":39,"column":15},"end":{"line":39,"column":39}},"17":{"start":{"line":40,"column":2},"end":{"line":40,"column":57}},"18":{"start":{"line":42,"column":16},"end":{"line":42,"column":40}},"19":{"start":{"line":44,"column":2},"end":{"line":44,"column":27}},"20":{"start":{"line":45,"column":2},"end":{"line":45,"column":62}},"21":{"start":{"line":51,"column":0},"end":{"line":55,"column":3}},"22":{"start":{"line":52,"column":15},"end":{"line":52,"column":85}},"23":{"start":{"line":54,"column":2},"end":{"line":54,"column":17}},"24":{"start":{"line":58,"column":0},"end":{"line":70,"column":3}},"25":{"start":{"line":59,"column":15},"end":{"line":61,"column":29}},"26":{"start":{"line":63,"column":2},"end":{"line":67,"column":3}},"27":{"start":{"line":64,"column":4},"end":{"line":64,"column":92}},"28":{"start":{"line":66,"column":4},"end":{"line":66,"column":19}},"29":{"start":{"line":73,"column":0},"end":{"line":95,"column":3}},"30":{"start":{"line":75,"column":2},"end":{"line":75,"column":119}},"31":{"start":{"line":75,"column":35},"end":{"line":75,"column":119}},"32":{"start":{"line":77,"column":17},"end":{"line":89,"column":29}},"33":{"start":{"line":92,"column":2},"end":{"line":92,"column":100}},"34":{"start":{"line":92,"column":31},"end":{"line":92,"column":100}},"35":{"start":{"line":94,"column":2},"end":{"line":94,"column":19}},"36":{"start":{"line":98,"column":0},"end":{"line":134,"column":3}},"37":{"start":{"line":100,"column":13},"end":{"line":100,"column":47}},"38":{"start":{"line":101,"column":2},"end":{"line":101,"column":83}},"39":{"start":{"line":101,"column":13},"end":{"line":101,"column":83}},"40":{"start":{"line":104,"column":2},"end":{"line":104,"column":79}},"41":{"start":{"line":104,"column":42},"end":{"line":104,"column":77}},"42":{"start":{"line":105,"column":2},"end":{"line":105,"column":76}},"43":{"start":{"line":105,"column":41},"end":{"line":105,"column":74}},"44":{"start":{"line":106,"column":2},"end":{"line":106,"column":67}},"45":{"start":{"line":106,"column":38},"end":{"line":106,"column":65}},"46":{"start":{"line":107,"column":2},"end":{"line":107,"column":79}},"47":{"start":{"line":107,"column":42},"end":{"line":107,"column":77}},"48":{"start":{"line":108,"column":2},"end":{"line":108,"column":73}},"49":{"start":{"line":108,"column":40},"end":{"line":108,"column":71}},"50":{"start":{"line":110,"column":2},"end":{"line":122,"column":4}},"51":{"start":{"line":124,"column":2},"end":{"line":132,"column":5}},"52":{"start":{"line":136,"column":0},"end":{"line":164,"column":3}},"53":{"start":{"line":138,"column":13},"end":{"line":138,"column":47}},"54":{"start":{"line":139,"column":2},"end":{"line":139,"column":83}},"55":{"start":{"line":139,"column":13},"end":{"line":139,"column":83}},"56":{"start":{"line":142,"column":2},"end":{"line":142,"column":120}},"57":{"start":{"line":142,"column":39},"end":{"line":142,"column":120}},"58":{"start":{"line":145,"column":23},"end":{"line":145,"column":40}},"59":{"start":{"line":146,"column":15},"end":{"line":146,"column":39}},"60":{"start":{"line":147,"column":2},"end":{"line":147,"column":65}},"61":{"start":{"line":149,"column":2},"end":{"line":157,"column":4}},"62":{"start":{"line":159,"column":2},"end":{"line":162,"column":5}},"63":{"start":{"line":167,"column":0},"end":{"line":179,"column":3}},"64":{"start":{"line":169,"column":2},"end":{"line":176,"column":7}},"65":{"start":{"line":172,"column":4},"end":{"line":172,"column":21}},"66":{"start":{"line":175,"column":6},"end":{"line":175,"column":64}},"67":{"start":{"line":182,"column":0},"end":{"line":182,"column":24}}},"fnMap":{"0":{"name":"(anonymous_0)","decl":{"start":{"line":22,"column":32},"end":{"line":22,"column":33}},"loc":{"start":{"line":22,"column":52},"end":{"line":47,"column":1}},"line":22},"1":{"name":"(anonymous_1)","decl":{"start":{"line":51,"column":16},"end":{"line":51,"column":17}},"loc":{"start":{"line":51,"column":36},"end":{"line":55,"column":1}},"line":51},"2":{"name":"(anonymous_2)","decl":{"start":{"line":58,"column":25},"end":{"line":58,"column":26}},"loc":{"start":{"line":58,"column":45},"end":{"line":70,"column":1}},"line":58},"3":{"name":"(anonymous_3)","decl":{"start":{"line":73,"column":28},"end":{"line":73,"column":29}},"loc":{"start":{"line":73,"column":48},"end":{"line":95,"column":1}},"line":73},"4":{"name":"(anonymous_4)","decl":{"start":{"line":98,"column":52},"end":{"line":98,"column":53}},"loc":{"start":{"line":98,"column":72},"end":{"line":134,"column":1}},"line":98},"5":{"name":"(anonymous_5)","decl":{"start":{"line":136,"column":46},"end":{"line":136,"column":47}},"loc":{"start":{"line":136,"column":66},"end":{"line":164,"column":1}},"line":136},"6":{"name":"(anonymous_6)","decl":{"start":{"line":167,"column":55},"end":{"line":167,"column":56}},"loc":{"start":{"line":167,"column":75},"end":{"line":179,"column":1}},"line":167},"7":{"name":"(anonymous_7)","decl":{"start":{"line":171,"column":10},"end":{"line":171,"column":11}},"loc":{"start":{"line":171,"column":22},"end":{"line":173,"column":3}},"line":171},"8":{"name":"(anonymous_8)","decl":{"start":{"line":174,"column":11},"end":{"line":174,"column":12}},"loc":{"start":{"line":174,"column":17},"end":{"line":176,"column":5}},"line":174}},"branchMap":{"0":{"loc":{"start":{"line":25,"column":2},"end":{"line":25,"column":91}},"type":"if","locations":[{"start":{"line":25,"column":2},"end":{"line":25,"column":91}},{"start":{},"end":{}}],"line":25},"1":{"loc":{"start":{"line":28,"column":2},"end":{"line":28,"column":110}},"type":"if","locations":[{"start":{"line":28,"column":2},"end":{"line":28,"column":110}},{"start":{},"end":{}}],"line":28},"2":{"loc":{"start":{"line":63,"column":2},"end":{"line":67,"column":3}},"type":"if","locations":[{"start":{"line":63,"column":2},"end":{"line":67,"column":3}},{"start":{"line":65,"column":7},"end":{"line":67,"column":3}}],"line":63},"3":{"loc":{"start":{"line":75,"column":2},"end":{"line":75,"column":119}},"type":"if","locations":[{"start":{"line":75,"column":2},"end":{"line":75,"column":119}},{"start":{},"end":{}}],"line":75},"4":{"loc":{"start":{"line":92,"column":2},"end":{"line":92,"column":100}},"type":"if","locations":[{"start":{"line":92,"column":2},"end":{"line":92,"column":100}},{"start":{},"end":{}}],"line":92},"5":{"loc":{"start":{"line":101,"column":2},"end":{"line":101,"column":83}},"type":"if","locations":[{"start":{"line":101,"column":2},"end":{"line":101,"column":83}},{"start":{},"end":{}}],"line":101},"6":{"loc":{"start":{"line":104,"column":2},"end":{"line":104,"column":79}},"type":"if","locations":[{"start":{"line":104,"column":2},"end":{"line":104,"column":79}},{"start":{},"end":{}}],"line":104},"7":{"loc":{"start":{"line":105,"column":2},"end":{"line":105,"column":76}},"type":"if","locations":[{"start":{"line":105,"column":2},"end":{"line":105,"column":76}},{"start":{},"end":{}}],"line":105},"8":{"loc":{"start":{"line":106,"column":2},"end":{"line":106,"column":67}},"type":"if","locations":[{"start":{"line":106,"column":2},"end":{"line":106,"column":67}},{"start":{},"end":{}}],"line":106},"9":{"loc":{"start":{"line":107,"column":2},"end":{"line":107,"column":79}},"type":"if","locations":[{"start":{"line":107,"column":2},"end":{"line":107,"column":79}},{"start":{},"end":{}}],"line":107},"10":{"loc":{"start":{"line":108,"column":2},"end":{"line":108,"column":73}},"type":"if","locations":[{"start":{"line":108,"column":2},"end":{"line":108,"column":73}},{"start":{},"end":{}}],"line":108},"11":{"loc":{"start":{"line":139,"column":2},"end":{"line":139,"column":83}},"type":"if","locations":[{"start":{"line":139,"column":2},"end":{"line":139,"column":83}},{"start":{},"end":{}}],"line":139},"12":{"loc":{"start":{"line":142,"column":2},"end":{"line":142,"column":120}},"type":"if","locations":[{"start":{"line":142,"column":2},"end":{"line":142,"column":120}},{"start":{},"end":{}}],"line":142}},"s":{"0":4,"1":4,"2":4,"3":4,"4":4,"5":4,"6":4,"7":4,"8":4,"9":0,"10":0,"11":0,"12":0,"13":0,"14":0,"15":0,"16":0,"17":0,"18":0,"19":0,"20":0,"21":4,"22":1,"23":1,"24":4,"25":0,"26":0,"27":0,"28":0,"29":4,"30":3,"31":1,"32":2,"33":2,"34":2,"35":0,"36":4,"37":0,"38":0,"39":0,"40":0,"41":0,"42":0,"43":0,"44":0,"45":0,"46":0,"47":0,"48":0,"49":0,"50":0,"51":0,"52":4,"53":0,"54":0,"55":0,"56":0,"57":0,"58":0,"59":0,"60":0,"61":0,"62":0,"63":4,"64":0,"65":0,"66":0,"67":4},"f":{"0":0,"1":1,"2":0,"3":3,"4":0,"5":0,"6":0,"7":0,"8":0},"b":{"0":[0,0],"1":[0,0],"2":[0,0],"3":[1,2],"4":[2,0],"5":[0,0],"6":[0,0],"7":[0,0],"8":[0,0],"9":[0,0],"10":[0,0],"11":[0,0],"12":[0,0]},"_coverageSchema":"1a1c01bbd47fc00a2c39e90264f33305004495a9","hash":"2f5adcd957fc91f78397cef2ff247b652a548590"}
,"/Users/ronnyvanelewyck/NodeJSProjects/manibus/backend/routes/workflows.js": {"path":"/Users/ronnyvanelewyck/NodeJSProjects/manibus/backend/routes/workflows.js","statementMap":{"0":{"start":{"line":9,"column":12},"end":{"line":9,"column":26}},"1":{"start":{"line":10,"column":16},"end":{"line":10,"column":34}},"2":{"start":{"line":11,"column":17},"end":{"line":11,"column":36}},"3":{"start":{"line":12,"column":15},"end":{"line":12,"column":31}},"4":{"start":{"line":13,"column":39},"end":{"line":13,"column":68}},"5":{"start":{"line":25,"column":0},"end":{"line":25,"column":24}}},"fnMap":{},"branchMap":{},"s":{"0":4,"1":4,"2":4,"3":4,"4":4,"5":4},"f":{},"b":{},"_coverageSchema":"1a1c01bbd47fc00a2c39e90264f33305004495a9","hash":"226e3468dc51497e133da015c324847cfe58cd37"}
,"/Users/ronnyvanelewyck/NodeJSProjects/manibus/backend/startup/config.js": {"path":"/Users/ronnyvanelewyck/NodeJSProjects/manibus/backend/startup/config.js","statementMap":{"0":{"start":{"line":10,"column":15},"end":{"line":10,"column":32}},"1":{"start":{"line":13,"column":0},"end":{"line":20,"column":1}},"2":{"start":{"line":16,"column":0},"end":{"line":18,"column":3}},"3":{"start":{"line":17,"column":4},"end":{"line":17,"column":65}}},"fnMap":{"0":{"name":"(anonymous_0)","decl":{"start":{"line":13,"column":17},"end":{"line":13,"column":18}},"loc":{"start":{"line":13,"column":29},"end":{"line":20,"column":1}},"line":13}},"branchMap":{"0":{"loc":{"start":{"line":16,"column":0},"end":{"line":18,"column":3}},"type":"if","locations":[{"start":{"line":16,"column":0},"end":{"line":18,"column":3}},{"start":{},"end":{}}],"line":16}},"s":{"0":4,"1":4,"2":4,"3":0},"f":{"0":4},"b":{"0":[0,4]},"_coverageSchema":"1a1c01bbd47fc00a2c39e90264f33305004495a9","hash":"6a9cc2a62c527684de48055d2a2629593f5784a8"}
,"/Users/ronnyvanelewyck/NodeJSProjects/manibus/backend/startup/db.js": {"path":"/Users/ronnyvanelewyck/NodeJSProjects/manibus/backend/startup/db.js","statementMap":{"0":{"start":{"line":9,"column":17},"end":{"line":9,"column":36}},"1":{"start":{"line":10,"column":15},"end":{"line":10,"column":32}},"2":{"start":{"line":11,"column":16},"end":{"line":11,"column":34}},"3":{"start":{"line":13,"column":0},"end":{"line":21,"column":1}},"4":{"start":{"line":16,"column":15},"end":{"line":16,"column":31}},"5":{"start":{"line":17,"column":4},"end":{"line":19,"column":56}},"6":{"start":{"line":19,"column":20},"end":{"line":19,"column":54}}},"fnMap":{"0":{"name":"(anonymous_0)","decl":{"start":{"line":13,"column":17},"end":{"line":13,"column":18}},"loc":{"start":{"line":13,"column":29},"end":{"line":21,"column":1}},"line":13},"1":{"name":"(anonymous_1)","decl":{"start":{"line":19,"column":14},"end":{"line":19,"column":15}},"loc":{"start":{"line":19,"column":20},"end":{"line":19,"column":54}},"line":19}},"branchMap":{},"s":{"0":4,"1":4,"2":4,"3":4,"4":4,"5":4,"6":4},"f":{"0":4,"1":4},"b":{},"_coverageSchema":"1a1c01bbd47fc00a2c39e90264f33305004495a9","hash":"58af8dca15ae7b30a4dd78fe5116e23fc8a1d131"}
,"/Users/ronnyvanelewyck/NodeJSProjects/manibus/backend/startup/logging.js": {"path":"/Users/ronnyvanelewyck/NodeJSProjects/manibus/backend/startup/logging.js","statementMap":{"0":{"start":{"line":10,"column":0},"end":{"line":10,"column":32}},"1":{"start":{"line":11,"column":16},"end":{"line":11,"column":34}},"2":{"start":{"line":16,"column":0},"end":{"line":40,"column":1}},"3":{"start":{"line":20,"column":0},"end":{"line":23,"column":3}},"4":{"start":{"line":21,"column":2},"end":{"line":21,"column":32}},"5":{"start":{"line":22,"column":2},"end":{"line":22,"column":18}},"6":{"start":{"line":25,"column":0},"end":{"line":28,"column":3}},"7":{"start":{"line":26,"column":2},"end":{"line":26,"column":32}},"8":{"start":{"line":27,"column":2},"end":{"line":27,"column":18}},"9":{"start":{"line":31,"column":0},"end":{"line":31,"column":70}},"10":{"start":{"line":32,"column":0},"end":{"line":34,"column":1}},"11":{"start":{"line":33,"column":2},"end":{"line":33,"column":46}}},"fnMap":{"0":{"name":"(anonymous_0)","decl":{"start":{"line":16,"column":17},"end":{"line":16,"column":18}},"loc":{"start":{"line":16,"column":32},"end":{"line":40,"column":1}},"line":16},"1":{"name":"(anonymous_1)","decl":{"start":{"line":20,"column":32},"end":{"line":20,"column":33}},"loc":{"start":{"line":20,"column":40},"end":{"line":23,"column":1}},"line":20},"2":{"name":"(anonymous_2)","decl":{"start":{"line":25,"column":33},"end":{"line":25,"column":34}},"loc":{"start":{"line":25,"column":41},"end":{"line":28,"column":1}},"line":25}},"branchMap":{"0":{"loc":{"start":{"line":32,"column":0},"end":{"line":34,"column":1}},"type":"if","locations":[{"start":{"line":32,"column":0},"end":{"line":34,"column":1}},{"start":{},"end":{}}],"line":32},"1":{"loc":{"start":{"line":32,"column":4},"end":{"line":32,"column":65}},"type":"binary-expr","locations":[{"start":{"line":32,"column":4},"end":{"line":32,"column":36}},{"start":{"line":32,"column":40},"end":{"line":32,"column":65}}],"line":32}},"s":{"0":4,"1":4,"2":4,"3":4,"4":0,"5":0,"6":4,"7":0,"8":0,"9":4,"10":4,"11":4},"f":{"0":4,"1":0,"2":0},"b":{"0":[4,0],"1":[4,4]},"_coverageSchema":"1a1c01bbd47fc00a2c39e90264f33305004495a9","hash":"000c8f8144f387866df9a052a08ece3490d01a3f"}
,"/Users/ronnyvanelewyck/NodeJSProjects/manibus/backend/startup/routes.js": {"path":"/Users/ronnyvanelewyck/NodeJSProjects/manibus/backend/startup/routes.js","statementMap":{"0":{"start":{"line":9,"column":16},"end":{"line":9,"column":34}},"1":{"start":{"line":10,"column":17},"end":{"line":10,"column":46}},"2":{"start":{"line":11,"column":18},"end":{"line":11,"column":48}},"3":{"start":{"line":12,"column":14},"end":{"line":12,"column":40}},"4":{"start":{"line":13,"column":13},"end":{"line":13,"column":38}},"5":{"start":{"line":14,"column":14},"end":{"line":14,"column":40}},"6":{"start":{"line":15,"column":18},"end":{"line":15,"column":48}},"7":{"start":{"line":16,"column":14},"end":{"line":16,"column":44}},"8":{"start":{"line":19,"column":15},"end":{"line":19,"column":32}},"9":{"start":{"line":21,"column":15},"end":{"line":21,"column":32}},"10":{"start":{"line":22,"column":16},"end":{"line":22,"column":34}},"11":{"start":{"line":24,"column":0},"end":{"line":65,"column":1}},"12":{"start":{"line":27,"column":4},"end":{"line":27,"column":28}},"13":{"start":{"line":31,"column":4},"end":{"line":31,"column":22}},"14":{"start":{"line":34,"column":4},"end":{"line":34,"column":34}},"15":{"start":{"line":39,"column":4},"end":{"line":42,"column":5}},"16":{"start":{"line":40,"column":8},"end":{"line":40,"column":75}},"17":{"start":{"line":41,"column":8},"end":{"line":41,"column":36}},"18":{"start":{"line":45,"column":4},"end":{"line":45,"column":41}},"19":{"start":{"line":48,"column":4},"end":{"line":48,"column":33}},"20":{"start":{"line":51,"column":4},"end":{"line":51,"column":31}},"21":{"start":{"line":54,"column":4},"end":{"line":54,"column":33}},"22":{"start":{"line":57,"column":4},"end":{"line":57,"column":41}},"23":{"start":{"line":60,"column":4},"end":{"line":60,"column":27}},"24":{"start":{"line":63,"column":4},"end":{"line":63,"column":19}}},"fnMap":{"0":{"name":"(anonymous_0)","decl":{"start":{"line":24,"column":17},"end":{"line":24,"column":18}},"loc":{"start":{"line":24,"column":32},"end":{"line":65,"column":1}},"line":24}},"branchMap":{"0":{"loc":{"start":{"line":39,"column":4},"end":{"line":42,"column":5}},"type":"if","locations":[{"start":{"line":39,"column":4},"end":{"line":42,"column":5}},{"start":{},"end":{}}],"line":39}},"s":{"0":4,"1":4,"2":4,"3":4,"4":4,"5":4,"6":4,"7":4,"8":4,"9":4,"10":4,"11":4,"12":4,"13":4,"14":4,"15":4,"16":0,"17":0,"18":4,"19":4,"20":4,"21":4,"22":4,"23":4,"24":4},"f":{"0":4},"b":{"0":[0,4]},"_coverageSchema":"1a1c01bbd47fc00a2c39e90264f33305004495a9","hash":"330706923bbe309c6e23da1bd282679f08620668"}
,"/Users/ronnyvanelewyck/NodeJSProjects/manibus/backend/startup/validation.js": {"path":"/Users/ronnyvanelewyck/NodeJSProjects/manibus/backend/startup/validation.js","statementMap":{"0":{"start":{"line":10,"column":12},"end":{"line":10,"column":26}},"1":{"start":{"line":14,"column":0},"end":{"line":18,"column":1}},"2":{"start":{"line":16,"column":4},"end":{"line":16,"column":48}}},"fnMap":{"0":{"name":"(anonymous_0)","decl":{"start":{"line":14,"column":17},"end":{"line":14,"column":18}},"loc":{"start":{"line":14,"column":29},"end":{"line":18,"column":1}},"line":14}},"branchMap":{},"s":{"0":4,"1":4,"2":4},"f":{"0":4},"b":{},"_coverageSchema":"1a1c01bbd47fc00a2c39e90264f33305004495a9","hash":"2a0972fdca1dccc3c163153f3ce4b7f94a8e7a99"}
}
