TN:
SF:index.js
FN:34,(anonymous_0)
FNF:1
FNH:1
FNDA:4,(anonymous_0)
DA:10,4
DA:13,4
DA:14,4
DA:17,4
DA:20,4
DA:23,4
DA:26,4
DA:29,4
DA:33,4
DA:34,4
DA:37,4
LF:11
LH:11
BRDA:33,0,0,4
BRDA:33,0,1,4
BRF:2
BRH:2
end_of_record
TN:
SF:middleware/admin.js
FN:13,(anonymous_0)
FNF:1
FNH:1
FNDA:6,(anonymous_0)
DA:13,4
DA:14,6
DA:16,5
LF:3
LH:3
BRDA:14,0,0,1
BRDA:14,0,1,5
BRF:2
BRH:2
end_of_record
TN:
SF:middleware/auth.js
FN:14,auth
FNF:1
FNH:1
FNDA:62,auth
DA:10,5
DA:12,5
DA:15,62
DA:16,62
DA:18,21
DA:19,21
DA:20,20
DA:21,20
DA:24,1
DA:30,5
LF:10
LH:10
BRDA:16,0,0,41
BRDA:16,0,1,21
BRF:2
BRH:2
end_of_record
TN:
SF:middleware/error.js
FN:12,(anonymous_0)
FNF:1
FNH:0
FNDA:0,(anonymous_0)
DA:9,4
DA:12,4
DA:13,0
DA:22,0
LF:4
LH:2
BRF:0
BRH:0
end_of_record
TN:
SF:middleware/validateObjectId.js
FN:12,(anonymous_0)
FNF:1
FNH:1
FNDA:7,(anonymous_0)
DA:9,4
DA:12,4
DA:15,7
DA:16,3
DA:20,4
LF:5
LH:5
BRDA:15,0,0,3
BRDA:15,0,1,4
BRF:2
BRH:2
end_of_record
TN:
SF:models/company.js
FN:37,validateCompany
FNF:1
FNH:1
FNDA:15,validateCompany
DA:9,4
DA:10,4
DA:13,4
DA:16,4
DA:34,4
DA:38,15
DA:42,15
DA:45,4
LF:8
LH:8
BRF:0
BRH:0
end_of_record
TN:
SF:models/task.js
FN:62,validateTask
FNF:1
FNH:0
FNDA:0,validateTask
DA:9,4
DA:10,4
DA:14,4
DA:17,4
DA:59,4
DA:64,0
DA:75,0
DA:78,4
LF:8
LH:6
BRF:0
BRH:0
end_of_record
TN:
SF:models/user.js
FN:61,(anonymous_0)
FN:70,validateUser
FNF:2
FNH:1
FNDA:23,(anonymous_0)
FNDA:0,validateUser
DA:9,6
DA:10,6
DA:11,6
DA:12,6
DA:13,6
DA:16,6
DA:19,6
DA:61,6
DA:62,23
DA:63,23
DA:67,6
DA:72,0
DA:89,0
DA:93,6
LF:14
LH:12
BRF:0
BRH:0
end_of_record
TN:
SF:models/workflow.js
FN:144,validateWorkflow
FNF:1
FNH:0
FNDA:0,validateWorkflow
DA:9,4
DA:10,4
DA:13,4
DA:16,4
DA:140,4
DA:149,4
LF:6
LH:6
BRF:0
BRH:0
end_of_record
TN:
SF:routes/auth.js
FN:19,(anonymous_0)
FN:37,validateUser
FNF:2
FNH:2
FNDA:14,(anonymous_0)
FNDA:14,validateUser
DA:10,4
DA:11,4
DA:12,4
DA:13,4
DA:14,4
DA:19,4
DA:21,14
DA:22,14
DA:24,13
DA:25,13
DA:27,0
DA:28,0
DA:31,0
DA:34,0
DA:39,14
DA:43,14
DA:46,4
LF:17
LH:13
BRDA:22,0,0,1
BRDA:22,0,1,13
BRDA:25,1,0,13
BRDA:25,1,1,0
BRDA:28,2,0,0
BRDA:28,2,1,0
BRF:6
BRH:3
end_of_record
TN:
SF:routes/companies.js
FN:19,(anonymous_0)
FN:27,(anonymous_1)
FN:30,(anonymous_2)
FN:41,(anonymous_3)
FN:48,(anonymous_4)
FN:55,(anonymous_5)
FN:75,(anonymous_6)
FN:96,(anonymous_7)
FNF:8
FNH:8
FNDA:13,(anonymous_0)
FNDA:7,(anonymous_1)
FNDA:2,(anonymous_2)
FNDA:1,(anonymous_3)
FNDA:1,(anonymous_4)
FNDA:1,(anonymous_5)
FNDA:2,(anonymous_6)
FNDA:1,(anonymous_7)
DA:9,4
DA:10,4
DA:11,4
DA:12,4
DA:14,4
DA:15,4
DA:19,4
DA:21,13
DA:22,13
DA:24,9
DA:26,9
DA:28,7
DA:31,2
DA:41,4
DA:42,1
DA:44,1
DA:48,4
DA:49,1
DA:51,1
DA:55,4
DA:56,1
DA:70,1
DA:75,4
DA:77,2
DA:78,2
DA:80,1
DA:90,1
DA:96,4
DA:97,1
DA:99,1
DA:103,4
LF:31
LH:31
BRDA:22,0,0,4
BRDA:22,0,1,9
BRDA:78,1,0,1
BRDA:78,1,1,1
BRF:4
BRH:4
end_of_record
TN:
SF:routes/homepage.js
FN:12,(anonymous_0)
FNF:1
FNH:0
FNDA:0,(anonymous_0)
DA:9,4
DA:10,4
DA:12,4
DA:13,0
DA:16,4
LF:5
LH:4
BRF:0
BRH:0
end_of_record
TN:
SF:routes/tasks.js
FN:21,(anonymous_0)
FN:48,(anonymous_1)
FN:51,(anonymous_2)
FN:58,(anonymous_3)
FN:65,(anonymous_4)
FN:68,(anonymous_5)
FN:73,(anonymous_6)
FN:82,(anonymous_7)
FN:89,(anonymous_8)
FN:94,(anonymous_9)
FN:115,(anonymous_10)
FN:122,(anonymous_11)
FN:128,(anonymous_12)
FN:158,(anonymous_13)
FN:161,(anonymous_14)
FN:167,(anonymous_15)
FN:171,(anonymous_16)
FN:174,(anonymous_17)
FNF:18
FNH:0
FNDA:0,(anonymous_0)
FNDA:0,(anonymous_1)
FNDA:0,(anonymous_2)
FNDA:0,(anonymous_3)
FNDA:0,(anonymous_4)
FNDA:0,(anonymous_5)
FNDA:0,(anonymous_6)
FNDA:0,(anonymous_7)
FNDA:0,(anonymous_8)
FNDA:0,(anonymous_9)
FNDA:0,(anonymous_10)
FNDA:0,(anonymous_11)
FNDA:0,(anonymous_12)
FNDA:0,(anonymous_13)
FNDA:0,(anonymous_14)
FNDA:0,(anonymous_15)
FNDA:0,(anonymous_16)
FNDA:0,(anonymous_17)
DA:9,4
DA:10,4
DA:11,4
DA:13,4
DA:14,4
DA:15,4
DA:16,4
DA:17,4
DA:21,4
DA:23,0
DA:24,0
DA:26,0
DA:27,0
DA:29,0
DA:30,0
DA:32,0
DA:33,0
DA:35,0
DA:47,0
DA:49,0
DA:52,0
DA:58,4
DA:60,0
DA:66,0
DA:69,0
DA:73,4
DA:77,0
DA:83,0
DA:84,0
DA:87,0
DA:90,0
DA:94,4
DA:95,0
DA:96,0
DA:97,0
DA:98,0
DA:100,0
DA:116,0
DA:117,0
DA:120,0
DA:123,0
DA:128,4
DA:130,0
DA:131,0
DA:133,0
DA:134,0
DA:136,0
DA:137,0
DA:139,0
DA:140,0
DA:142,0
DA:159,0
DA:162,0
DA:167,4
DA:169,0
DA:172,0
DA:175,0
DA:180,4
LF:58
LH:15
BRDA:24,0,0,0
BRDA:24,0,1,0
BRDA:27,1,0,0
BRDA:27,1,1,0
BRDA:30,2,0,0
BRDA:30,2,1,0
BRDA:33,3,0,0
BRDA:33,3,1,0
BRDA:83,4,0,0
BRDA:83,4,1,0
BRDA:95,5,0,0
BRDA:95,5,1,0
BRDA:97,6,0,0
BRDA:97,6,1,0
BRDA:116,7,0,0
BRDA:116,7,1,0
BRDA:131,8,0,0
BRDA:131,8,1,0
BRDA:134,9,0,0
BRDA:134,9,1,0
BRDA:137,10,0,0
BRDA:137,10,1,0
BRDA:140,11,0,0
BRDA:140,11,1,0
BRF:24
BRH:0
end_of_record
TN:
SF:routes/users.js
FN:22,(anonymous_0)
FN:51,(anonymous_1)
FN:58,(anonymous_2)
FN:73,(anonymous_3)
FN:98,(anonymous_4)
FN:136,(anonymous_5)
FN:167,(anonymous_6)
FN:171,(anonymous_7)
FN:174,(anonymous_8)
FNF:9
FNH:2
FNDA:0,(anonymous_0)
FNDA:1,(anonymous_1)
FNDA:0,(anonymous_2)
FNDA:3,(anonymous_3)
FNDA:0,(anonymous_4)
FNDA:0,(anonymous_5)
FNDA:0,(anonymous_6)
FNDA:0,(anonymous_7)
FNDA:0,(anonymous_8)
DA:9,4
DA:10,4
DA:11,4
DA:12,4
DA:13,4
DA:14,4
DA:16,4
DA:17,4
DA:22,4
DA:24,0
DA:25,0
DA:27,0
DA:28,0
DA:31,0
DA:39,0
DA:40,0
DA:42,0
DA:44,0
DA:45,0
DA:51,4
DA:52,1
DA:54,1
DA:58,4
DA:59,0
DA:63,0
DA:64,0
DA:66,0
DA:73,4
DA:75,3
DA:77,2
DA:92,2
DA:94,0
DA:98,4
DA:100,0
DA:101,0
DA:104,0
DA:105,0
DA:106,0
DA:107,0
DA:108,0
DA:110,0
DA:124,0
DA:136,4
DA:138,0
DA:139,0
DA:142,0
DA:145,0
DA:146,0
DA:147,0
DA:149,0
DA:159,0
DA:167,4
DA:169,0
DA:172,0
DA:175,0
DA:182,4
LF:56
LH:21
BRDA:25,0,0,0
BRDA:25,0,1,0
BRDA:28,1,0,0
BRDA:28,1,1,0
BRDA:63,2,0,0
BRDA:63,2,1,0
BRDA:75,3,0,1
BRDA:75,3,1,2
BRDA:92,4,0,2
BRDA:92,4,1,0
BRDA:101,5,0,0
BRDA:101,5,1,0
BRDA:104,6,0,0
BRDA:104,6,1,0
BRDA:105,7,0,0
BRDA:105,7,1,0
BRDA:106,8,0,0
BRDA:106,8,1,0
BRDA:107,9,0,0
BRDA:107,9,1,0
BRDA:108,10,0,0
BRDA:108,10,1,0
BRDA:139,11,0,0
BRDA:139,11,1,0
BRDA:142,12,0,0
BRDA:142,12,1,0
BRF:26
BRH:3
end_of_record
TN:
SF:routes/workflows.js
FNF:0
FNH:0
DA:9,4
DA:10,4
DA:11,4
DA:12,4
DA:13,4
DA:25,4
LF:6
LH:6
BRF:0
BRH:0
end_of_record
TN:
SF:startup/config.js
FN:13,(anonymous_0)
FNF:1
FNH:1
FNDA:4,(anonymous_0)
DA:10,4
DA:13,4
DA:16,4
DA:17,0
LF:4
LH:3
BRDA:16,0,0,0
BRDA:16,0,1,4
BRF:2
BRH:1
end_of_record
TN:
SF:startup/db.js
FN:13,(anonymous_0)
FN:19,(anonymous_1)
FNF:2
FNH:2
FNDA:4,(anonymous_0)
FNDA:4,(anonymous_1)
DA:9,4
DA:10,4
DA:11,4
DA:13,4
DA:16,4
DA:17,4
DA:19,4
LF:7
LH:7
BRF:0
BRH:0
end_of_record
TN:
SF:startup/logging.js
FN:16,(anonymous_0)
FN:20,(anonymous_1)
FN:25,(anonymous_2)
FNF:3
FNH:1
FNDA:4,(anonymous_0)
FNDA:0,(anonymous_1)
FNDA:0,(anonymous_2)
DA:10,4
DA:11,4
DA:16,4
DA:20,4
DA:21,0
DA:22,0
DA:25,4
DA:26,0
DA:27,0
DA:31,4
DA:32,4
DA:33,4
LF:12
LH:8
BRDA:32,0,0,4
BRDA:32,0,1,0
BRDA:32,1,0,4
BRDA:32,1,1,4
BRF:4
BRH:3
end_of_record
TN:
SF:startup/routes.js
FN:24,(anonymous_0)
FNF:1
FNH:1
FNDA:4,(anonymous_0)
DA:9,4
DA:10,4
DA:11,4
DA:12,4
DA:13,4
DA:14,4
DA:15,4
DA:16,4
DA:19,4
DA:21,4
DA:22,4
DA:24,4
DA:27,4
DA:31,4
DA:34,4
DA:39,4
DA:40,0
DA:41,0
DA:45,4
DA:48,4
DA:51,4
DA:54,4
DA:57,4
DA:60,4
DA:63,4
LF:25
LH:23
BRDA:39,0,0,0
BRDA:39,0,1,4
BRF:2
BRH:1
end_of_record
TN:
SF:startup/validation.js
FN:14,(anonymous_0)
FNF:1
FNH:1
FNDA:4,(anonymous_0)
DA:10,4
DA:14,4
DA:16,4
LF:3
LH:3
BRF:0
BRH:0
end_of_record
